DEBUG:urllib3.connectionpool:Starting new HTTPS connection (1): www.callofduty.com:443
DEBUG:urllib3.connectionpool:https://www.callofduty.com:443 "GET /ca/en/store/bundles HTTP/1.1" 200 10590
DEBUG:urllib3.connectionpool:Starting new HTTPS connection (1): www.callofduty.com:443
DEBUG:urllib3.connectionpool:https://www.callofduty.com:443 "GET /ca/en/store/bundles/protector-pack HTTP/1.1" 200 16487
DEBUG:urllib3.connectionpool:Starting new HTTPS connection (1): www.callofduty.com:443
DEBUG:urllib3.connectionpool:https://www.callofduty.com:443 "GET /ca/en/store/bundles/emerald-pack HTTP/1.1" 200 16294
DEBUG:urllib3.connectionpool:Starting new HTTPS connection (1): www.callofduty.com:443
DEBUG:urllib3.connectionpool:https://www.callofduty.com:443 "GET /ca/en/store/bundles/nova-6 HTTP/1.1" 200 15999
DEBUG:urllib3.connectionpool:Starting new HTTPS connection (1): www.callofduty.com:443
DEBUG:urllib3.connectionpool:https://www.callofduty.com:443 "GET /ca/en/store/bundles/tech-luxe HTTP/1.1" 200 16038
DEBUG:urllib3.connectionpool:Starting new HTTPS connection (1): www.callofduty.com:443
DEBUG:urllib3.connectionpool:https://www.callofduty.com:443 "GET /ca/en/store/bundles/moto-freak HTTP/1.1" 200 16143
DEBUG:urllib3.connectionpool:Starting new HTTPS connection (1): www.callofduty.com:443
DEBUG:urllib3.connectionpool:https://www.callofduty.com:443 "GET /ca/en/store/bundles/warrior-pack HTTP/1.1" 200 16528
DEBUG:urllib3.connectionpool:Starting new HTTPS connection (1): www.callofduty.com:443
DEBUG:urllib3.connectionpool:https://www.callofduty.com:443 "GET /ca/en/store/bundles/pumpkin-patch HTTP/1.1" 200 16712
DEBUG:urllib3.connectionpool:Starting new HTTPS connection (1): www.callofduty.com:443
DEBUG:urllib3.connectionpool:https://www.callofduty.com:443 "GET /ca/en/store/bundles/cosmic-traveler HTTP/1.1" 200 16669
DEBUG:urllib3.connectionpool:Starting new HTTPS connection (1): www.callofduty.com:443
DEBUG:urllib3.connectionpool:https://www.callofduty.com:443 "GET /ca/en/store/bundles/gunslinger-ghost HTTP/1.1" 200 16594
DEBUG:urllib3.connectionpool:Starting new HTTPS connection (1): www.callofduty.com:443
DEBUG:urllib3.connectionpool:https://www.callofduty.com:443 "GET /ca/en/store/bundles/graffiti-tactical HTTP/1.1" 200 16838
DEBUG:urllib3.connectionpool:Starting new HTTPS connection (1): www.callofduty.com:443
DEBUG:urllib3.connectionpool:https://www.callofduty.com:443 "GET /ca/en/store/bundles/griffin HTTP/1.1" 200 16341
DEBUG:urllib3.connectionpool:Starting new HTTPS connection (1): www.callofduty.com:443
DEBUG:urllib3.connectionpool:https://www.callofduty.com:443 "GET /ca/en/store/bundles/desert-rogue HTTP/1.1" 200 16256
DEBUG:urllib3.connectionpool:Starting new HTTPS connection (1): www.callofduty.com:443
DEBUG:urllib3.connectionpool:https://www.callofduty.com:443 "GET /ca/en/store/bundles/valkyrie-pack HTTP/1.1" 200 16609
DEBUG:urllib3.connectionpool:Starting new HTTPS connection (1): www.callofduty.com:443
DEBUG:urllib3.connectionpool:https://www.callofduty.com:443 "GET /ca/en/store/bundles/demon-deer HTTP/1.1" 200 16525
DEBUG:urllib3.connectionpool:Starting new HTTPS connection (1): www.callofduty.com:443
DEBUG:urllib3.connectionpool:https://www.callofduty.com:443 "GET /ca/en/store/bundles/manticore HTTP/1.1" 200 16488
DEBUG:urllib3.connectionpool:Starting new HTTPS connection (1): www.callofduty.com:443
DEBUG:urllib3.connectionpool:https://www.callofduty.com:443 "GET /ca/en/store/bundles/urban-veteran HTTP/1.1" 200 16513
